{
  "0 debug pnpm:scope": {
    "selected": 1
  },
  "1 info pnpm": {
    "err": {
      "name": "Error",
      "message": "not found: dev",
      "code": "ENOENT",
      "stack": "Error: not found: dev\n    at getNotFoundError (/Users/nilskjellman/.nvm/versions/node/v16.13.2/lib/node_modules/pnpm/dist/pnpm.cjs:41495:51)\n    at Function.whichSync [as sync] (/Users/nilskjellman/.nvm/versions/node/v16.13.2/lib/node_modules/pnpm/dist/pnpm.cjs:41572:13)\n    at getCommandAbsolutePathSync (/Users/nilskjellman/.nvm/versions/node/v16.13.2/lib/node_modules/pnpm/dist/pnpm.cjs:43137:44)\n    at default_1 (/Users/nilskjellman/.nvm/versions/node/v16.13.2/lib/node_modules/pnpm/dist/pnpm.cjs:43146:32)\n    at /Users/nilskjellman/.nvm/versions/node/v16.13.2/lib/node_modules/pnpm/dist/pnpm.cjs:177618:39"
    }
  },
  "2 error pnpm": {
    "code": "ERR_PNPM_RECURSIVE_EXEC_FIRST_FAIL",
    "prefix": "/Users/nilskjellman",
    "err": {
      "name": "pnpm",
      "message": "not found: dev",
      "code": "ERR_PNPM_RECURSIVE_EXEC_FIRST_FAIL",
      "stack": "Error: not found: dev\n    at getNotFoundError (/Users/nilskjellman/.nvm/versions/node/v16.13.2/lib/node_modules/pnpm/dist/pnpm.cjs:41495:51)\n    at Function.whichSync [as sync] (/Users/nilskjellman/.nvm/versions/node/v16.13.2/lib/node_modules/pnpm/dist/pnpm.cjs:41572:13)\n    at getCommandAbsolutePathSync (/Users/nilskjellman/.nvm/versions/node/v16.13.2/lib/node_modules/pnpm/dist/pnpm.cjs:43137:44)\n    at default_1 (/Users/nilskjellman/.nvm/versions/node/v16.13.2/lib/node_modules/pnpm/dist/pnpm.cjs:43146:32)\n    at /Users/nilskjellman/.nvm/versions/node/v16.13.2/lib/node_modules/pnpm/dist/pnpm.cjs:177618:39"
    }
  }
}